ERROR - 2024-01-18 03:17:21 --> mysqli_sql_exception: Table 'dashboard.users' doesn't exist in C:\xampp\htdocs\login_ci4\system\Database\MySQLi\Connection.php:306
Stack trace:
#0 C:\xampp\htdocs\login_ci4\system\Database\MySQLi\Connection.php(306): mysqli->query('SELECT *\nFROM `...', 0)
#1 C:\xampp\htdocs\login_ci4\system\Database\BaseConnection.php(693): CodeIgniter\Database\MySQLi\Connection->execute('SELECT *\nFROM `...')
#2 C:\xampp\htdocs\login_ci4\system\Database\BaseConnection.php(607): CodeIgniter\Database\BaseConnection->simpleQuery('SELECT *\nFROM `...')
#3 C:\xampp\htdocs\login_ci4\system\Database\BaseBuilder.php(1615): CodeIgniter\Database\BaseConnection->query('SELECT *\nFROM `...', Array, false)
#4 C:\xampp\htdocs\login_ci4\system\Model.php(264): CodeIgniter\Database\BaseBuilder->get()
#5 C:\xampp\htdocs\login_ci4\system\BaseModel.php(662): CodeIgniter\Model->doFirst()
#6 C:\xampp\htdocs\login_ci4\app\Models\LoginModel.php(14): CodeIgniter\BaseModel->first()
#7 C:\xampp\htdocs\login_ci4\app\Controllers\LoginController.php(42): App\Models\LoginModel->getUserByEmail('hamad@gmail.com')
#8 C:\xampp\htdocs\login_ci4\system\CodeIgniter.php(942): App\Controllers\LoginController->loginSave()
#9 C:\xampp\htdocs\login_ci4\system\CodeIgniter.php(502): CodeIgniter\CodeIgniter->runController(Object(App\Controllers\LoginController))
#10 C:\xampp\htdocs\login_ci4\system\CodeIgniter.php(361): CodeIgniter\CodeIgniter->handleRequest(NULL, Object(Config\Cache), false)
#11 C:\xampp\htdocs\login_ci4\index.php(79): CodeIgniter\CodeIgniter->run()
#12 {main}
CRITICAL - 2024-01-18 03:17:21 --> Table 'dashboard.users' doesn't exist
in SYSTEMPATH\Database\BaseConnection.php on line 647.
 1 SYSTEMPATH\Database\BaseBuilder.php(1615): CodeIgniter\Database\BaseConnection->query('SELECT *
FROM `users`
WHERE `email` = :email:
 LIMIT 1', [...], false)
 2 SYSTEMPATH\Model.php(264): CodeIgniter\Database\BaseBuilder->get()
 3 SYSTEMPATH\BaseModel.php(662): CodeIgniter\Model->doFirst()
 4 APPPATH\Models\LoginModel.php(14): CodeIgniter\BaseModel->first()
 5 APPPATH\Controllers\LoginController.php(42): App\Models\LoginModel->getUserByEmail('hamad@gmail.com')
 6 SYSTEMPATH\CodeIgniter.php(942): App\Controllers\LoginController->loginSave()
 7 SYSTEMPATH\CodeIgniter.php(502): CodeIgniter\CodeIgniter->runController(Object(App\Controllers\LoginController))
 8 SYSTEMPATH\CodeIgniter.php(361): CodeIgniter\CodeIgniter->handleRequest(null, Object(Config\Cache), false)
 9 FCPATH\index.php(79): CodeIgniter\CodeIgniter->run()
CRITICAL - 2024-01-18 11:30:56 --> Class "App\Models\LoginModel" not found
in APPPATH\Controllers\LoginController.php on line 50.
 1 SYSTEMPATH\CodeIgniter.php(942): App\Controllers\LoginController->loginSave()
 2 SYSTEMPATH\CodeIgniter.php(502): CodeIgniter\CodeIgniter->runController(Object(App\Controllers\LoginController))
 3 SYSTEMPATH\CodeIgniter.php(361): CodeIgniter\CodeIgniter->handleRequest(null, Object(Config\Cache), false)
 4 FCPATH\index.php(79): CodeIgniter\CodeIgniter->run()
CRITICAL - 2024-01-18 11:30:56 --> Class "App\Models\LoginModel" not found
in APPPATH\Controllers\LoginController.php on line 50.
 1 SYSTEMPATH\CodeIgniter.php(942): App\Controllers\LoginController->loginSave()
 2 SYSTEMPATH\CodeIgniter.php(502): CodeIgniter\CodeIgniter->runController(Object(App\Controllers\LoginController))
 3 SYSTEMPATH\CodeIgniter.php(361): CodeIgniter\CodeIgniter->handleRequest(null, Object(Config\Cache), false)
 4 FCPATH\index.php(79): CodeIgniter\CodeIgniter->run()
CRITICAL - 2024-01-18 11:42:03 --> Class "App\Models\LoginModel" not found
in APPPATH\Controllers\LoginController.php on line 50.
 1 SYSTEMPATH\CodeIgniter.php(942): App\Controllers\LoginController->loginSave()
 2 SYSTEMPATH\CodeIgniter.php(502): CodeIgniter\CodeIgniter->runController(Object(App\Controllers\LoginController))
 3 SYSTEMPATH\CodeIgniter.php(361): CodeIgniter\CodeIgniter->handleRequest(null, Object(Config\Cache), false)
 4 FCPATH\index.php(79): CodeIgniter\CodeIgniter->run()
CRITICAL - 2024-01-18 11:45:51 --> Undefined variable $loginModel
in APPPATH\Controllers\LoginController.php on line 141.
 1 APPPATH\Controllers\LoginController.php(141): CodeIgniter\Debug\Exceptions->errorHandler(2, 'Undefined variable $loginModel', 'C:\\xampp\\htdocs\\login_ci4\\app\\Controllers\\LoginController.php', 141)
 2 SYSTEMPATH\CodeIgniter.php(942): App\Controllers\LoginController->saveDoctorProfile()
 3 SYSTEMPATH\CodeIgniter.php(502): CodeIgniter\CodeIgniter->runController(Object(App\Controllers\LoginController))
 4 SYSTEMPATH\CodeIgniter.php(361): CodeIgniter\CodeIgniter->handleRequest(null, Object(Config\Cache), false)
 5 FCPATH\index.php(79): CodeIgniter\CodeIgniter->run()
CRITICAL - 2024-01-18 11:46:52 --> Class "App\Models\LoginModel" not found
in APPPATH\Controllers\LoginController.php on line 140.
 1 SYSTEMPATH\CodeIgniter.php(942): App\Controllers\LoginController->saveDoctorProfile()
 2 SYSTEMPATH\CodeIgniter.php(502): CodeIgniter\CodeIgniter->runController(Object(App\Controllers\LoginController))
 3 SYSTEMPATH\CodeIgniter.php(361): CodeIgniter\CodeIgniter->handleRequest(null, Object(Config\Cache), false)
 4 FCPATH\index.php(79): CodeIgniter\CodeIgniter->run()
CRITICAL - 2024-01-18 11:49:56 --> Class "App\Models\LoginModel" not found
in APPPATH\Controllers\LoginController.php on line 140.
 1 SYSTEMPATH\CodeIgniter.php(942): App\Controllers\LoginController->saveDoctorProfile()
 2 SYSTEMPATH\CodeIgniter.php(502): CodeIgniter\CodeIgniter->runController(Object(App\Controllers\LoginController))
 3 SYSTEMPATH\CodeIgniter.php(361): CodeIgniter\CodeIgniter->handleRequest(null, Object(Config\Cache), false)
 4 FCPATH\index.php(79): CodeIgniter\CodeIgniter->run()
CRITICAL - 2024-01-18 11:53:13 --> Class "App\Models\LoginModel" not found
in APPPATH\Controllers\LoginController.php on line 139.
 1 SYSTEMPATH\CodeIgniter.php(942): App\Controllers\LoginController->saveDoctorProfile()
 2 SYSTEMPATH\CodeIgniter.php(502): CodeIgniter\CodeIgniter->runController(Object(App\Controllers\LoginController))
 3 SYSTEMPATH\CodeIgniter.php(361): CodeIgniter\CodeIgniter->handleRequest(null, Object(Config\Cache), false)
 4 FCPATH\index.php(79): CodeIgniter\CodeIgniter->run()
CRITICAL - 2024-01-18 12:20:08 --> Class "App\Controllers\LoginModel" not found
in APPPATH\Controllers\DoctorController.php on line 42.
 1 SYSTEMPATH\CodeIgniter.php(942): App\Controllers\DoctorController->saveDoctorProfile()
 2 SYSTEMPATH\CodeIgniter.php(502): CodeIgniter\CodeIgniter->runController(Object(App\Controllers\DoctorController))
 3 SYSTEMPATH\CodeIgniter.php(361): CodeIgniter\CodeIgniter->handleRequest(null, Object(Config\Cache), false)
 4 FCPATH\index.php(79): CodeIgniter\CodeIgniter->run()
ERROR - 2024-01-18 12:21:30 --> mysqli_sql_exception: Duplicate entry '0' for key 'PRIMARY' in C:\xampp\htdocs\login_ci4\system\Database\MySQLi\Connection.php:306
Stack trace:
#0 C:\xampp\htdocs\login_ci4\system\Database\MySQLi\Connection.php(306): mysqli->query('INSERT INTO `do...', 0)
#1 C:\xampp\htdocs\login_ci4\system\Database\BaseConnection.php(693): CodeIgniter\Database\MySQLi\Connection->execute('INSERT INTO `do...')
#2 C:\xampp\htdocs\login_ci4\system\Database\BaseConnection.php(607): CodeIgniter\Database\BaseConnection->simpleQuery('INSERT INTO `do...')
#3 C:\xampp\htdocs\login_ci4\system\Database\BaseBuilder.php(2308): CodeIgniter\Database\BaseConnection->query('INSERT INTO `do...', Array, false)
#4 C:\xampp\htdocs\login_ci4\app\Models\DoctorModel.php(15): CodeIgniter\Database\BaseBuilder->insert(Array)
#5 C:\xampp\htdocs\login_ci4\app\Controllers\DoctorController.php(43): App\Models\DoctorModel->saveDoctorProfile(Array)
#6 C:\xampp\htdocs\login_ci4\system\CodeIgniter.php(942): App\Controllers\DoctorController->saveDoctorProfile()
#7 C:\xampp\htdocs\login_ci4\system\CodeIgniter.php(502): CodeIgniter\CodeIgniter->runController(Object(App\Controllers\DoctorController))
#8 C:\xampp\htdocs\login_ci4\system\CodeIgniter.php(361): CodeIgniter\CodeIgniter->handleRequest(NULL, Object(Config\Cache), false)
#9 C:\xampp\htdocs\login_ci4\index.php(79): CodeIgniter\CodeIgniter->run()
#10 {main}
CRITICAL - 2024-01-18 12:21:31 --> Duplicate entry '0' for key 'PRIMARY'
in SYSTEMPATH\Database\BaseConnection.php on line 647.
 1 SYSTEMPATH\Database\BaseBuilder.php(2308): CodeIgniter\Database\BaseConnection->query('INSERT INTO `doctorprofile` (`FirstName`, `LastName`, `Gender`, `DateOfBirth`, `ContactNumber`, `Email`, `Specialization`, `MedicalLicenseNumber`, `ClinicAddress`, `HospitalAffiliation`, `Education`, `ExperienceYears`, `Certification`, `ProfileImageURL`, `BusinessID`) VALUES (:FirstName:, :LastName:, :Gender:, :DateOfBirth:, :ContactNumber:, :Email:, :Specialization:, :MedicalLicenseNumber:, :ClinicAddress:, :HospitalAffiliation:, :Education:, :ExperienceYears:, :Certification:, :ProfileImageURL:, :BusinessID:)', [...], false)
 2 APPPATH\Models\DoctorModel.php(15): CodeIgniter\Database\BaseBuilder->insert([...])
 3 APPPATH\Controllers\DoctorController.php(43): App\Models\DoctorModel->saveDoctorProfile([...])
 4 SYSTEMPATH\CodeIgniter.php(942): App\Controllers\DoctorController->saveDoctorProfile()
 5 SYSTEMPATH\CodeIgniter.php(502): CodeIgniter\CodeIgniter->runController(Object(App\Controllers\DoctorController))
 6 SYSTEMPATH\CodeIgniter.php(361): CodeIgniter\CodeIgniter->handleRequest(null, Object(Config\Cache), false)
 7 FCPATH\index.php(79): CodeIgniter\CodeIgniter->run()
CRITICAL - 2024-01-18 13:00:58 --> Undefined array key "specialization"
in APPPATH\Views\doctors_form.php on line 269.
 1 APPPATH\Views\doctors_form.php(269): CodeIgniter\Debug\Exceptions->errorHandler(2, 'Undefined array key "specialization"', 'C:\\xampp\\htdocs\\login_ci4\\app\\Views\\doctors_form.php', 269)
 2 SYSTEMPATH\View\View.php(228): include('C:\\xampp\\htdocs\\login_ci4\\app\\Views\\doctors_form.php')
 3 SYSTEMPATH\View\View.php(231): CodeIgniter\View\View->CodeIgniter\View\{closure}()
 4 SYSTEMPATH\Common.php(1190): CodeIgniter\View\View->render('doctors_form.php', [], true)
 5 APPPATH\Controllers\DoctorController.php(19): view('doctors_form.php', [...])
 6 SYSTEMPATH\CodeIgniter.php(942): App\Controllers\DoctorController->doctors_form()
 7 SYSTEMPATH\CodeIgniter.php(502): CodeIgniter\CodeIgniter->runController(Object(App\Controllers\DoctorController))
 8 SYSTEMPATH\CodeIgniter.php(361): CodeIgniter\CodeIgniter->handleRequest(null, Object(Config\Cache), false)
 9 FCPATH\index.php(79): CodeIgniter\CodeIgniter->run()
CRITICAL - 2024-01-18 13:02:55 --> Undefined array key "specialization"
in APPPATH\Views\doctors_form.php on line 269.
 1 APPPATH\Views\doctors_form.php(269): CodeIgniter\Debug\Exceptions->errorHandler(2, 'Undefined array key "specialization"', 'C:\\xampp\\htdocs\\login_ci4\\app\\Views\\doctors_form.php', 269)
 2 SYSTEMPATH\View\View.php(228): include('C:\\xampp\\htdocs\\login_ci4\\app\\Views\\doctors_form.php')
 3 SYSTEMPATH\View\View.php(231): CodeIgniter\View\View->CodeIgniter\View\{closure}()
 4 SYSTEMPATH\Common.php(1190): CodeIgniter\View\View->render('doctors_form.php', [], true)
 5 APPPATH\Controllers\DoctorController.php(26): view('doctors_form.php', [...])
 6 SYSTEMPATH\CodeIgniter.php(942): App\Controllers\DoctorController->doctors_form()
 7 SYSTEMPATH\CodeIgniter.php(502): CodeIgniter\CodeIgniter->runController(Object(App\Controllers\DoctorController))
 8 SYSTEMPATH\CodeIgniter.php(361): CodeIgniter\CodeIgniter->handleRequest(null, Object(Config\Cache), false)
 9 FCPATH\index.php(79): CodeIgniter\CodeIgniter->run()
CRITICAL - 2024-01-18 13:02:57 --> Undefined array key "specialization"
in APPPATH\Views\doctors_form.php on line 269.
 1 APPPATH\Views\doctors_form.php(269): CodeIgniter\Debug\Exceptions->errorHandler(2, 'Undefined array key "specialization"', 'C:\\xampp\\htdocs\\login_ci4\\app\\Views\\doctors_form.php', 269)
 2 SYSTEMPATH\View\View.php(228): include('C:\\xampp\\htdocs\\login_ci4\\app\\Views\\doctors_form.php')
 3 SYSTEMPATH\View\View.php(231): CodeIgniter\View\View->CodeIgniter\View\{closure}()
 4 SYSTEMPATH\Common.php(1190): CodeIgniter\View\View->render('doctors_form.php', [], true)
 5 APPPATH\Controllers\DoctorController.php(26): view('doctors_form.php', [...])
 6 SYSTEMPATH\CodeIgniter.php(942): App\Controllers\DoctorController->doctors_form()
 7 SYSTEMPATH\CodeIgniter.php(502): CodeIgniter\CodeIgniter->runController(Object(App\Controllers\DoctorController))
 8 SYSTEMPATH\CodeIgniter.php(361): CodeIgniter\CodeIgniter->handleRequest(null, Object(Config\Cache), false)
 9 FCPATH\index.php(79): CodeIgniter\CodeIgniter->run()
CRITICAL - 2024-01-18 13:02:58 --> Undefined array key "specialization"
in APPPATH\Views\doctors_form.php on line 269.
 1 APPPATH\Views\doctors_form.php(269): CodeIgniter\Debug\Exceptions->errorHandler(2, 'Undefined array key "specialization"', 'C:\\xampp\\htdocs\\login_ci4\\app\\Views\\doctors_form.php', 269)
 2 SYSTEMPATH\View\View.php(228): include('C:\\xampp\\htdocs\\login_ci4\\app\\Views\\doctors_form.php')
 3 SYSTEMPATH\View\View.php(231): CodeIgniter\View\View->CodeIgniter\View\{closure}()
 4 SYSTEMPATH\Common.php(1190): CodeIgniter\View\View->render('doctors_form.php', [], true)
 5 APPPATH\Controllers\DoctorController.php(26): view('doctors_form.php', [...])
 6 SYSTEMPATH\CodeIgniter.php(942): App\Controllers\DoctorController->doctors_form()
 7 SYSTEMPATH\CodeIgniter.php(502): CodeIgniter\CodeIgniter->runController(Object(App\Controllers\DoctorController))
 8 SYSTEMPATH\CodeIgniter.php(361): CodeIgniter\CodeIgniter->handleRequest(null, Object(Config\Cache), false)
 9 FCPATH\index.php(79): CodeIgniter\CodeIgniter->run()
CRITICAL - 2024-01-18 13:03:56 --> Undefined array key "specialization"
in APPPATH\Views\doctors_form.php on line 269.
 1 APPPATH\Views\doctors_form.php(269): CodeIgniter\Debug\Exceptions->errorHandler(2, 'Undefined array key "specialization"', 'C:\\xampp\\htdocs\\login_ci4\\app\\Views\\doctors_form.php', 269)
 2 SYSTEMPATH\View\View.php(228): include('C:\\xampp\\htdocs\\login_ci4\\app\\Views\\doctors_form.php')
 3 SYSTEMPATH\View\View.php(231): CodeIgniter\View\View->CodeIgniter\View\{closure}()
 4 SYSTEMPATH\Common.php(1190): CodeIgniter\View\View->render('doctors_form.php', [], true)
 5 APPPATH\Controllers\DoctorController.php(19): view('doctors_form.php', [...])
 6 SYSTEMPATH\CodeIgniter.php(942): App\Controllers\DoctorController->doctors_form()
 7 SYSTEMPATH\CodeIgniter.php(502): CodeIgniter\CodeIgniter->runController(Object(App\Controllers\DoctorController))
 8 SYSTEMPATH\CodeIgniter.php(361): CodeIgniter\CodeIgniter->handleRequest(null, Object(Config\Cache), false)
 9 FCPATH\index.php(79): CodeIgniter\CodeIgniter->run()
