CRITICAL - 2023-12-18 10:22:49 --> syntax error, unexpected token "public", expecting end of file
in APPPATH\Controllers\Registercontroller.php on line 256.
 1 SYSTEMPATH\Autoloader\Autoloader.php(291): CodeIgniter\Autoloader\Autoloader->includeFile('C:\\xampp\\htdocs\\login_ci4\\app\\Controllers\\Registercontroller.php')
 2 SYSTEMPATH\Autoloader\Autoloader.php(269): CodeIgniter\Autoloader\Autoloader->loadInNamespace('App\\Controllers\\Registercontroller')
 3 [internal function]: CodeIgniter\Autoloader\Autoloader->loadClass('App\\Controllers\\Registercontroller')
 4 SYSTEMPATH\CodeIgniter.php(900): class_exists('\\App\\Controllers\\Registercontroller', true)
 5 SYSTEMPATH\CodeIgniter.php(489): CodeIgniter\CodeIgniter->startController()
 6 SYSTEMPATH\CodeIgniter.php(361): CodeIgniter\CodeIgniter->handleRequest(null, Object(Config\Cache), false)
 7 FCPATH\index.php(79): CodeIgniter\CodeIgniter->run()
CRITICAL - 2023-12-18 10:22:58 --> syntax error, unexpected token "public", expecting end of file
in APPPATH\Controllers\Registercontroller.php on line 256.
 1 SYSTEMPATH\Autoloader\Autoloader.php(291): CodeIgniter\Autoloader\Autoloader->includeFile('C:\\xampp\\htdocs\\login_ci4\\app\\Controllers\\Registercontroller.php')
 2 SYSTEMPATH\Autoloader\Autoloader.php(269): CodeIgniter\Autoloader\Autoloader->loadInNamespace('App\\Controllers\\Registercontroller')
 3 [internal function]: CodeIgniter\Autoloader\Autoloader->loadClass('App\\Controllers\\Registercontroller')
 4 SYSTEMPATH\CodeIgniter.php(900): class_exists('\\App\\Controllers\\Registercontroller', true)
 5 SYSTEMPATH\CodeIgniter.php(489): CodeIgniter\CodeIgniter->startController()
 6 SYSTEMPATH\CodeIgniter.php(361): CodeIgniter\CodeIgniter->handleRequest(null, Object(Config\Cache), false)
 7 FCPATH\index.php(79): CodeIgniter\CodeIgniter->run()
CRITICAL - 2023-12-18 11:58:08 --> Undefined variable $users
in APPPATH\Views\index.php on line 84.
 1 APPPATH\Views\index.php(84): CodeIgniter\Debug\Exceptions->errorHandler(2, 'Undefined variable $users', 'C:\\xampp\\htdocs\\login_ci4\\app\\Views\\index.php', 84)
 2 SYSTEMPATH\View\View.php(228): include('C:\\xampp\\htdocs\\login_ci4\\app\\Views\\index.php')
 3 SYSTEMPATH\View\View.php(231): CodeIgniter\View\View->CodeIgniter\View\{closure}()
 4 SYSTEMPATH\Common.php(1190): CodeIgniter\View\View->render('index.php', [], true)
 5 APPPATH\Controllers\Registercontroller.php(35): view('index.php')
 6 SYSTEMPATH\CodeIgniter.php(942): App\Controllers\Registercontroller->main()
 7 SYSTEMPATH\CodeIgniter.php(502): CodeIgniter\CodeIgniter->runController(Object(App\Controllers\Registercontroller))
 8 SYSTEMPATH\CodeIgniter.php(361): CodeIgniter\CodeIgniter->handleRequest(null, Object(Config\Cache), false)
 9 FCPATH\index.php(79): CodeIgniter\CodeIgniter->run()
CRITICAL - 2023-12-18 19:01:06 --> Undefined variable $users
in APPPATH\Views\index.php on line 170.
 1 APPPATH\Views\index.php(170): CodeIgniter\Debug\Exceptions->errorHandler(2, 'Undefined variable $users', 'C:\\xampp\\htdocs\\login_ci4\\app\\Views\\index.php', 170)
 2 SYSTEMPATH\View\View.php(228): include('C:\\xampp\\htdocs\\login_ci4\\app\\Views\\index.php')
 3 SYSTEMPATH\View\View.php(231): CodeIgniter\View\View->CodeIgniter\View\{closure}()
 4 SYSTEMPATH\Common.php(1190): CodeIgniter\View\View->render('index.php', [], true)
 5 APPPATH\Controllers\Registercontroller.php(40): view('index.php')
 6 SYSTEMPATH\CodeIgniter.php(942): App\Controllers\Registercontroller->main()
 7 SYSTEMPATH\CodeIgniter.php(502): CodeIgniter\CodeIgniter->runController(Object(App\Controllers\Registercontroller))
 8 SYSTEMPATH\CodeIgniter.php(361): CodeIgniter\CodeIgniter->handleRequest(null, Object(Config\Cache), false)
 9 FCPATH\index.php(79): CodeIgniter\CodeIgniter->run()
CRITICAL - 2023-12-18 19:04:29 --> Undefined variable $signuo
in APPPATH\Views\index.php on line 170.
 1 APPPATH\Views\index.php(170): CodeIgniter\Debug\Exceptions->errorHandler(2, 'Undefined variable $signuo', 'C:\\xampp\\htdocs\\login_ci4\\app\\Views\\index.php', 170)
 2 SYSTEMPATH\View\View.php(228): include('C:\\xampp\\htdocs\\login_ci4\\app\\Views\\index.php')
 3 SYSTEMPATH\View\View.php(231): CodeIgniter\View\View->CodeIgniter\View\{closure}()
 4 SYSTEMPATH\Common.php(1190): CodeIgniter\View\View->render('index.php', [], true)
 5 APPPATH\Controllers\Registercontroller.php(40): view('index.php')
 6 SYSTEMPATH\CodeIgniter.php(942): App\Controllers\Registercontroller->main()
 7 SYSTEMPATH\CodeIgniter.php(502): CodeIgniter\CodeIgniter->runController(Object(App\Controllers\Registercontroller))
 8 SYSTEMPATH\CodeIgniter.php(361): CodeIgniter\CodeIgniter->handleRequest(null, Object(Config\Cache), false)
 9 FCPATH\index.php(79): CodeIgniter\CodeIgniter->run()
CRITICAL - 2023-12-18 19:04:49 --> Undefined variable $signup
in APPPATH\Views\index.php on line 170.
 1 APPPATH\Views\index.php(170): CodeIgniter\Debug\Exceptions->errorHandler(2, 'Undefined variable $signup', 'C:\\xampp\\htdocs\\login_ci4\\app\\Views\\index.php', 170)
 2 SYSTEMPATH\View\View.php(228): include('C:\\xampp\\htdocs\\login_ci4\\app\\Views\\index.php')
 3 SYSTEMPATH\View\View.php(231): CodeIgniter\View\View->CodeIgniter\View\{closure}()
 4 SYSTEMPATH\Common.php(1190): CodeIgniter\View\View->render('index.php', [], true)
 5 APPPATH\Controllers\Registercontroller.php(40): view('index.php')
 6 SYSTEMPATH\CodeIgniter.php(942): App\Controllers\Registercontroller->main()
 7 SYSTEMPATH\CodeIgniter.php(502): CodeIgniter\CodeIgniter->runController(Object(App\Controllers\Registercontroller))
 8 SYSTEMPATH\CodeIgniter.php(361): CodeIgniter\CodeIgniter->handleRequest(null, Object(Config\Cache), false)
 9 FCPATH\index.php(79): CodeIgniter\CodeIgniter->run()
CRITICAL - 2023-12-18 19:04:50 --> Undefined variable $signup
in APPPATH\Views\index.php on line 170.
 1 APPPATH\Views\index.php(170): CodeIgniter\Debug\Exceptions->errorHandler(2, 'Undefined variable $signup', 'C:\\xampp\\htdocs\\login_ci4\\app\\Views\\index.php', 170)
 2 SYSTEMPATH\View\View.php(228): include('C:\\xampp\\htdocs\\login_ci4\\app\\Views\\index.php')
 3 SYSTEMPATH\View\View.php(231): CodeIgniter\View\View->CodeIgniter\View\{closure}()
 4 SYSTEMPATH\Common.php(1190): CodeIgniter\View\View->render('index.php', [], true)
 5 APPPATH\Controllers\Registercontroller.php(40): view('index.php')
 6 SYSTEMPATH\CodeIgniter.php(942): App\Controllers\Registercontroller->main()
 7 SYSTEMPATH\CodeIgniter.php(502): CodeIgniter\CodeIgniter->runController(Object(App\Controllers\Registercontroller))
 8 SYSTEMPATH\CodeIgniter.php(361): CodeIgniter\CodeIgniter->handleRequest(null, Object(Config\Cache), false)
 9 FCPATH\index.php(79): CodeIgniter\CodeIgniter->run()
CRITICAL - 2023-12-18 19:05:10 --> Undefined variable $signup
in APPPATH\Views\index.php on line 170.
 1 APPPATH\Views\index.php(170): CodeIgniter\Debug\Exceptions->errorHandler(2, 'Undefined variable $signup', 'C:\\xampp\\htdocs\\login_ci4\\app\\Views\\index.php', 170)
 2 SYSTEMPATH\View\View.php(228): include('C:\\xampp\\htdocs\\login_ci4\\app\\Views\\index.php')
 3 SYSTEMPATH\View\View.php(231): CodeIgniter\View\View->CodeIgniter\View\{closure}()
 4 SYSTEMPATH\Common.php(1190): CodeIgniter\View\View->render('index.php', [], true)
 5 APPPATH\Controllers\Registercontroller.php(40): view('index.php')
 6 SYSTEMPATH\CodeIgniter.php(942): App\Controllers\Registercontroller->main()
 7 SYSTEMPATH\CodeIgniter.php(502): CodeIgniter\CodeIgniter->runController(Object(App\Controllers\Registercontroller))
 8 SYSTEMPATH\CodeIgniter.php(361): CodeIgniter\CodeIgniter->handleRequest(null, Object(Config\Cache), false)
 9 FCPATH\index.php(79): CodeIgniter\CodeIgniter->run()
CRITICAL - 2023-12-18 19:12:09 --> Undefined variable $signup
in APPPATH\Views\index.php on line 170.
 1 APPPATH\Views\index.php(170): CodeIgniter\Debug\Exceptions->errorHandler(2, 'Undefined variable $signup', 'C:\\xampp\\htdocs\\login_ci4\\app\\Views\\index.php', 170)
 2 SYSTEMPATH\View\View.php(228): include('C:\\xampp\\htdocs\\login_ci4\\app\\Views\\index.php')
 3 SYSTEMPATH\View\View.php(231): CodeIgniter\View\View->CodeIgniter\View\{closure}()
 4 SYSTEMPATH\Common.php(1190): CodeIgniter\View\View->render('index.php', [], true)
 5 APPPATH\Controllers\Registercontroller.php(40): view('index.php')
 6 SYSTEMPATH\CodeIgniter.php(942): App\Controllers\Registercontroller->main()
 7 SYSTEMPATH\CodeIgniter.php(502): CodeIgniter\CodeIgniter->runController(Object(App\Controllers\Registercontroller))
 8 SYSTEMPATH\CodeIgniter.php(361): CodeIgniter\CodeIgniter->handleRequest(null, Object(Config\Cache), false)
 9 FCPATH\index.php(79): CodeIgniter\CodeIgniter->run()
CRITICAL - 2023-12-18 19:13:28 --> Undefined variable $signup
in APPPATH\Views\index.php on line 170.
 1 APPPATH\Views\index.php(170): CodeIgniter\Debug\Exceptions->errorHandler(2, 'Undefined variable $signup', 'C:\\xampp\\htdocs\\login_ci4\\app\\Views\\index.php', 170)
 2 SYSTEMPATH\View\View.php(228): include('C:\\xampp\\htdocs\\login_ci4\\app\\Views\\index.php')
 3 SYSTEMPATH\View\View.php(231): CodeIgniter\View\View->CodeIgniter\View\{closure}()
 4 SYSTEMPATH\Common.php(1190): CodeIgniter\View\View->render('index.php', [], true)
 5 APPPATH\Controllers\Registercontroller.php(40): view('index.php')
 6 SYSTEMPATH\CodeIgniter.php(942): App\Controllers\Registercontroller->main()
 7 SYSTEMPATH\CodeIgniter.php(502): CodeIgniter\CodeIgniter->runController(Object(App\Controllers\Registercontroller))
 8 SYSTEMPATH\CodeIgniter.php(361): CodeIgniter\CodeIgniter->handleRequest(null, Object(Config\Cache), false)
 9 FCPATH\index.php(79): CodeIgniter\CodeIgniter->run()
CRITICAL - 2023-12-18 19:14:03 --> Undefined variable $signup
in APPPATH\Views\index.php on line 170.
 1 APPPATH\Views\index.php(170): CodeIgniter\Debug\Exceptions->errorHandler(2, 'Undefined variable $signup', 'C:\\xampp\\htdocs\\login_ci4\\app\\Views\\index.php', 170)
 2 SYSTEMPATH\View\View.php(228): include('C:\\xampp\\htdocs\\login_ci4\\app\\Views\\index.php')
 3 SYSTEMPATH\View\View.php(231): CodeIgniter\View\View->CodeIgniter\View\{closure}()
 4 SYSTEMPATH\Common.php(1190): CodeIgniter\View\View->render('index.php', [], true)
 5 APPPATH\Controllers\Registercontroller.php(40): view('index.php')
 6 SYSTEMPATH\CodeIgniter.php(942): App\Controllers\Registercontroller->main()
 7 SYSTEMPATH\CodeIgniter.php(502): CodeIgniter\CodeIgniter->runController(Object(App\Controllers\Registercontroller))
 8 SYSTEMPATH\CodeIgniter.php(361): CodeIgniter\CodeIgniter->handleRequest(null, Object(Config\Cache), false)
 9 FCPATH\index.php(79): CodeIgniter\CodeIgniter->run()
CRITICAL - 2023-12-18 19:14:04 --> Undefined variable $signup
in APPPATH\Views\index.php on line 170.
 1 APPPATH\Views\index.php(170): CodeIgniter\Debug\Exceptions->errorHandler(2, 'Undefined variable $signup', 'C:\\xampp\\htdocs\\login_ci4\\app\\Views\\index.php', 170)
 2 SYSTEMPATH\View\View.php(228): include('C:\\xampp\\htdocs\\login_ci4\\app\\Views\\index.php')
 3 SYSTEMPATH\View\View.php(231): CodeIgniter\View\View->CodeIgniter\View\{closure}()
 4 SYSTEMPATH\Common.php(1190): CodeIgniter\View\View->render('index.php', [], true)
 5 APPPATH\Controllers\Registercontroller.php(40): view('index.php')
 6 SYSTEMPATH\CodeIgniter.php(942): App\Controllers\Registercontroller->main()
 7 SYSTEMPATH\CodeIgniter.php(502): CodeIgniter\CodeIgniter->runController(Object(App\Controllers\Registercontroller))
 8 SYSTEMPATH\CodeIgniter.php(361): CodeIgniter\CodeIgniter->handleRequest(null, Object(Config\Cache), false)
 9 FCPATH\index.php(79): CodeIgniter\CodeIgniter->run()
CRITICAL - 2023-12-18 19:14:05 --> Undefined variable $signup
in APPPATH\Views\index.php on line 170.
 1 APPPATH\Views\index.php(170): CodeIgniter\Debug\Exceptions->errorHandler(2, 'Undefined variable $signup', 'C:\\xampp\\htdocs\\login_ci4\\app\\Views\\index.php', 170)
 2 SYSTEMPATH\View\View.php(228): include('C:\\xampp\\htdocs\\login_ci4\\app\\Views\\index.php')
 3 SYSTEMPATH\View\View.php(231): CodeIgniter\View\View->CodeIgniter\View\{closure}()
 4 SYSTEMPATH\Common.php(1190): CodeIgniter\View\View->render('index.php', [], true)
 5 APPPATH\Controllers\Registercontroller.php(40): view('index.php')
 6 SYSTEMPATH\CodeIgniter.php(942): App\Controllers\Registercontroller->main()
 7 SYSTEMPATH\CodeIgniter.php(502): CodeIgniter\CodeIgniter->runController(Object(App\Controllers\Registercontroller))
 8 SYSTEMPATH\CodeIgniter.php(361): CodeIgniter\CodeIgniter->handleRequest(null, Object(Config\Cache), false)
 9 FCPATH\index.php(79): CodeIgniter\CodeIgniter->run()
CRITICAL - 2023-12-18 19:14:06 --> Undefined variable $signup
in APPPATH\Views\index.php on line 170.
 1 APPPATH\Views\index.php(170): CodeIgniter\Debug\Exceptions->errorHandler(2, 'Undefined variable $signup', 'C:\\xampp\\htdocs\\login_ci4\\app\\Views\\index.php', 170)
 2 SYSTEMPATH\View\View.php(228): include('C:\\xampp\\htdocs\\login_ci4\\app\\Views\\index.php')
 3 SYSTEMPATH\View\View.php(231): CodeIgniter\View\View->CodeIgniter\View\{closure}()
 4 SYSTEMPATH\Common.php(1190): CodeIgniter\View\View->render('index.php', [], true)
 5 APPPATH\Controllers\Registercontroller.php(40): view('index.php')
 6 SYSTEMPATH\CodeIgniter.php(942): App\Controllers\Registercontroller->main()
 7 SYSTEMPATH\CodeIgniter.php(502): CodeIgniter\CodeIgniter->runController(Object(App\Controllers\Registercontroller))
 8 SYSTEMPATH\CodeIgniter.php(361): CodeIgniter\CodeIgniter->handleRequest(null, Object(Config\Cache), false)
 9 FCPATH\index.php(79): CodeIgniter\CodeIgniter->run()
